<?xml version="1.0" encoding="UTF-8"?>
<testng-results skipped="0" failed="1" ignored="0" total="3" passed="2">
  <reporter-output>
  </reporter-output>
  <suite name="TestNG" duration-ms="0" started-at="2021-12-30T19:07:13 CET" finished-at="2021-12-30T19:07:13 CET">
    <groups>
    </groups>
  </suite> <!-- TestNG -->
  <suite name="Regression" duration-ms="54031" started-at="2021-12-30T19:06:19 CET" finished-at="2021-12-30T19:07:13 CET">
    <groups>
    </groups>
    <test name="Tests" duration-ms="54031" started-at="2021-12-30T19:06:19 CET" finished-at="2021-12-30T19:07:13 CET">
      <class name="tests.FailedLoginTest">
        <test-method status="PASS" signature="setup()[pri:0, instance:tests.FailedLoginTest@7cd62f43]" name="setup" is-config="true" duration-ms="2609" started-at="2021-12-30T19:06:19 CET" finished-at="2021-12-30T19:06:22 CET">
          <reporter-output>
          </reporter-output>
        </test-method> <!-- setup -->
        <test-method status="FAIL" signature="failedLogin(java.lang.String,java.lang.String)[pri:0, instance:tests.FailedLoginTest@7cd62f43]" name="failedLogin" duration-ms="12024" started-at="2021-12-30T19:06:22 CET" data-provider="Data" finished-at="2021-12-30T19:06:34 CET">
          <params>
            <param index="0">
              <value>
                <![CDATA[kim.mraz@gmail.com]]>
              </value>
            </param>
            <param index="1">
              <value>
                <![CDATA[d70jvld7v]]>
              </value>
            </param>
          </params>
          <exception class="java.lang.AssertionError">
            <message>
              <![CDATA[expected [There is 1 error
Authentication failed.] but found [ORDER HISTORY AND DETAILS
MY CREDIT SLIPS
MY ADDRESSES
MY PERSONAL INFORMATION
MY WISHLISTS]]]>
            </message>
            <full-stacktrace>
              <![CDATA[java.lang.AssertionError: expected [There is 1 error
Authentication failed.] but found [ORDER HISTORY AND DETAILS
MY CREDIT SLIPS
MY ADDRESSES
MY PERSONAL INFORMATION
MY WISHLISTS]
at org.testng.Assert.fail(Assert.java:99)
at org.testng.Assert.failNotEquals(Assert.java:1037)
at org.testng.Assert.assertEqualsImpl(Assert.java:140)
at org.testng.Assert.assertEquals(Assert.java:122)
at org.testng.Assert.assertEquals(Assert.java:629)
at org.testng.Assert.assertEquals(Assert.java:639)
at pages.BasePage.assertStringEquals(BasePage.java:46)
at pages.VerificationPage.verifyFailedLogin(VerificationPage.java:16)
at tests.FailedLoginTest.failedLogin(FailedLoginTest.java:24)
at sun.reflect.NativeMethodAccessorImpl.invoke0(Native Method)
at sun.reflect.NativeMethodAccessorImpl.invoke(NativeMethodAccessorImpl.java:62)
at sun.reflect.DelegatingMethodAccessorImpl.invoke(DelegatingMethodAccessorImpl.java:43)
at java.lang.reflect.Method.invoke(Method.java:498)
at org.testng.internal.MethodInvocationHelper.invokeMethod(MethodInvocationHelper.java:133)
at org.testng.internal.TestInvoker.invokeMethod(TestInvoker.java:598)
at org.testng.internal.TestInvoker.invokeTestMethod(TestInvoker.java:173)
at org.testng.internal.MethodRunner.runInSequence(MethodRunner.java:46)
at org.testng.internal.TestInvoker$MethodInvocationAgent.invoke(TestInvoker.java:824)
at org.testng.internal.TestInvoker.invokeTestMethods(TestInvoker.java:146)
at org.testng.internal.TestMethodWorker.invokeTestMethods(TestMethodWorker.java:146)
at org.testng.internal.TestMethodWorker.run(TestMethodWorker.java:128)
at java.util.ArrayList.forEach(ArrayList.java:1257)
at org.testng.TestRunner.privateRun(TestRunner.java:794)
at org.testng.TestRunner.run(TestRunner.java:596)
at org.testng.SuiteRunner.runTest(SuiteRunner.java:377)
at org.testng.SuiteRunner.runSequentially(SuiteRunner.java:371)
at org.testng.SuiteRunner.privateRun(SuiteRunner.java:332)
at org.testng.SuiteRunner.run(SuiteRunner.java:276)
at org.testng.SuiteRunnerWorker.runSuite(SuiteRunnerWorker.java:53)
at org.testng.SuiteRunnerWorker.run(SuiteRunnerWorker.java:96)
at org.testng.TestNG.runSuitesSequentially(TestNG.java:1212)
at org.testng.TestNG.runSuitesSequentially(TestNG.java:1207)
at org.testng.TestNG.runSuitesLocally(TestNG.java:1134)
at org.testng.TestNG.runSuites(TestNG.java:1063)
at org.testng.TestNG.run(TestNG.java:1031)
at com.intellij.rt.testng.IDEARemoteTestNG.run(IDEARemoteTestNG.java:66)
at com.intellij.rt.testng.RemoteTestNGStarter.main(RemoteTestNGStarter.java:109)
]]>
            </full-stacktrace>
          </exception> <!-- java.lang.AssertionError -->
          <reporter-output>
          </reporter-output>
        </test-method> <!-- failedLogin -->
        <test-method status="PASS" signature="teardown()[pri:0, instance:tests.FailedLoginTest@7cd62f43]" name="teardown" is-config="true" duration-ms="734" started-at="2021-12-30T19:06:34 CET" finished-at="2021-12-30T19:06:35 CET">
          <reporter-output>
          </reporter-output>
        </test-method> <!-- teardown -->
        <test-method status="PASS" signature="setup()[pri:0, instance:tests.FailedLoginTest@7cd62f43]" name="setup" is-config="true" duration-ms="1235" started-at="2021-12-30T19:06:35 CET" finished-at="2021-12-30T19:06:36 CET">
          <reporter-output>
          </reporter-output>
        </test-method> <!-- setup -->
        <test-method status="PASS" signature="failedLogin(java.lang.String,java.lang.String)[pri:0, instance:tests.FailedLoginTest@7cd62f43]" name="failedLogin" duration-ms="14966" started-at="2021-12-30T19:06:36 CET" data-provider="Data" finished-at="2021-12-30T19:06:51 CET">
          <params>
            <param index="0">
              <value>
                <![CDATA[ovoCESIGURNObitinatestu@gmail.com]]>
              </value>
            </param>
            <param index="1">
              <value>
                <![CDATA[123456789]]>
              </value>
            </param>
          </params>
          <reporter-output>
          </reporter-output>
        </test-method> <!-- failedLogin -->
        <test-method status="PASS" signature="teardown()[pri:0, instance:tests.FailedLoginTest@7cd62f43]" name="teardown" is-config="true" duration-ms="709" started-at="2021-12-30T19:06:51 CET" finished-at="2021-12-30T19:06:51 CET">
          <reporter-output>
          </reporter-output>
        </test-method> <!-- teardown -->
        <test-method status="PASS" signature="setup()[pri:0, instance:tests.FailedLoginTest@7cd62f43]" name="setup" is-config="true" duration-ms="1382" started-at="2021-12-30T19:06:51 CET" finished-at="2021-12-30T19:06:53 CET">
          <reporter-output>
          </reporter-output>
        </test-method> <!-- setup -->
        <test-method status="PASS" signature="failedLogin(java.lang.String,java.lang.String)[pri:0, instance:tests.FailedLoginTest@7cd62f43]" name="failedLogin" duration-ms="19358" started-at="2021-12-30T19:06:53 CET" data-provider="Data" finished-at="2021-12-30T19:07:12 CET">
          <params>
            <param index="0">
              <value>
                <![CDATA[daliceovobitinatestu@gmail.com]]>
              </value>
            </param>
            <param index="1">
              <value>
                <![CDATA[sigurnodahoce]]>
              </value>
            </param>
          </params>
          <reporter-output>
          </reporter-output>
        </test-method> <!-- failedLogin -->
        <test-method status="PASS" signature="teardown()[pri:0, instance:tests.FailedLoginTest@7cd62f43]" name="teardown" is-config="true" duration-ms="686" started-at="2021-12-30T19:07:12 CET" finished-at="2021-12-30T19:07:13 CET">
          <reporter-output>
          </reporter-output>
        </test-method> <!-- teardown -->
      </class> <!-- tests.FailedLoginTest -->
    </test> <!-- Tests -->
  </suite> <!-- Regression -->
</testng-results>
