<?xml version="1.0" encoding="UTF-8"?>
<!-- Generated by org.testng.reporters.JUnitXMLReporter -->
<testsuite hostname="DESKTOP-D7FC95S" ignored="0" name="Tests" tests="3" failures="1" timestamp="2021-12-30T19:07:13 CET" time="54.031" errors="0">
  <testcase name="failedLogin" time="12.024" classname="tests.FailedLoginTest">
    <failure type="java.lang.AssertionError" message="expected [There is 1 error
Authentication failed.] but found [ORDER HISTORY AND DETAILS
MY CREDIT SLIPS
MY ADDRESSES
MY PERSONAL INFORMATION
MY WISHLISTS]">
      <![CDATA[java.lang.AssertionError: expected [There is 1 error
Authentication failed.] but found [ORDER HISTORY AND DETAILS
MY CREDIT SLIPS
MY ADDRESSES
MY PERSONAL INFORMATION
MY WISHLISTS]
at pages.BasePage.assertStringEquals(BasePage.java:46)
at pages.VerificationPage.verifyFailedLogin(VerificationPage.java:16)
at tests.FailedLoginTest.failedLogin(FailedLoginTest.java:24)
at java.util.ArrayList.forEach(ArrayList.java:1257)
at com.intellij.rt.testng.IDEARemoteTestNG.run(IDEARemoteTestNG.java:66)
at com.intellij.rt.testng.RemoteTestNGStarter.main(RemoteTestNGStarter.java:109)
... Removed 31 stack frames]]>
    </failure>
  </testcase> <!-- failedLogin -->
  <testcase name="failedLogin" time="14.966" classname="tests.FailedLoginTest"/>
  <testcase name="failedLogin" time="19.358" classname="tests.FailedLoginTest"/>
</testsuite> <!-- Tests -->
